2023-04-03 00:31:32.639000 - Initialized conversion of CBT471
2023-04-03 00:31:32.914041 - Received CBT.V504.FILE471.PDS from FILE471.XMI 
2023-04-03 00:31:32.916592 - Found $$$#DATE.txt (text/plain) in CBT.V504.FILE471.PDS, moved to PDS/$$$#DATE
2023-04-03 00:31:32.917740 - Found @FILE471.txt (text/plain) in CBT.V504.FILE471.PDS, moved to PDS/@FILE471
2023-04-03 00:31:32.918839 - Found ATEND.txt (text/plain) in CBT.V504.FILE471.PDS, moved to PDS/ATEND
2023-04-03 00:31:32.919820 - Found ATEXIT.txt (text/plain) in CBT.V504.FILE471.PDS, moved to PDS/ATEXIT
2023-04-03 00:31:32.920821 - Found BLEND.txt (text/plain) in CBT.V504.FILE471.PDS, moved to PDS/BLEND
2023-04-03 00:31:32.921922 - Found BLOCK.txt (text/plain) in CBT.V504.FILE471.PDS, moved to PDS/BLOCK
2023-04-03 00:31:32.922915 - Found CASE.txt (text/plain) in CBT.V504.FILE471.PDS, moved to PDS/CASE
2023-04-03 00:31:32.923856 - Found CASEND.txt (text/plain) in CBT.V504.FILE471.PDS, moved to PDS/CASEND
2023-04-03 00:31:32.924793 - Found CORP.txt (text/plain) in CBT.V504.FILE471.PDS, moved to PDS/CORP
2023-04-03 00:31:32.925701 - Found CVTOD.txt (text/plain) in CBT.V504.FILE471.PDS, moved to PDS/CVTOD
2023-04-03 00:31:32.926638 - Found DO.txt (text/plain) in CBT.V504.FILE471.PDS, moved to PDS/DO
2023-04-03 00:31:32.927584 - Found DOCASE.txt (text/plain) in CBT.V504.FILE471.PDS, moved to PDS/DOCASE
2023-04-03 00:31:32.928853 - Found DOCASEND.txt (text/plain) in CBT.V504.FILE471.PDS, moved to PDS/DOCASEND
2023-04-03 00:31:32.929944 - Found DOEND.txt (text/plain) in CBT.V504.FILE471.PDS, moved to PDS/DOEND
2023-04-03 00:31:32.930935 - Found ELSE.txt (text/plain) in CBT.V504.FILE471.PDS, moved to PDS/ELSE
2023-04-03 00:31:32.931915 - Found ENTER.txt (text/plain) in CBT.V504.FILE471.PDS, moved to PDS/ENTER
2023-04-03 00:31:32.933043 - Found ESAC.txt (text/plain) in CBT.V504.FILE471.PDS, moved to PDS/ESAC
2023-04-03 00:31:32.933990 - Found ESACOD.txt (text/plain) in CBT.V504.FILE471.PDS, moved to PDS/ESACOD
2023-04-03 00:31:32.934927 - Found EXIT.txt (text/plain) in CBT.V504.FILE471.PDS, moved to PDS/EXIT
2023-04-03 00:31:32.935928 - Found FI.txt (text/plain) in CBT.V504.FILE471.PDS, moved to PDS/FI
2023-04-03 00:31:32.936971 - Found FINAL.txt (text/plain) in CBT.V504.FILE471.PDS, moved to PDS/FINAL
2023-04-03 00:31:32.937866 - Found IF.txt (text/plain) in CBT.V504.FILE471.PDS, moved to PDS/IF
2023-04-03 00:31:32.938745 - Found IFEND.txt (text/plain) in CBT.V504.FILE471.PDS, moved to PDS/IFEND
2023-04-03 00:31:32.939737 - Found LEAVE.txt (text/plain) in CBT.V504.FILE471.PDS, moved to PDS/LEAVE
2023-04-03 00:31:32.940649 - Found OD.txt (text/plain) in CBT.V504.FILE471.PDS, moved to PDS/OD
2023-04-03 00:31:32.941487 - Found ONEND.txt (text/plain) in CBT.V504.FILE471.PDS, moved to PDS/ONEND
2023-04-03 00:31:32.942344 - Found ONEXIT.txt (text/plain) in CBT.V504.FILE471.PDS, moved to PDS/ONEXIT
2023-04-03 00:31:32.943388 - Found PROC.txt (text/plain) in CBT.V504.FILE471.PDS, moved to PDS/PROC
2023-04-03 00:31:32.944341 - Found PROCEND.txt (text/plain) in CBT.V504.FILE471.PDS, moved to PDS/PROCEND
2023-04-03 00:31:32.945375 - Found PROLOGUE.txt (text/plain) in CBT.V504.FILE471.PDS, moved to PDS/PROLOGUE
2023-04-03 00:31:32.946353 - Found REQUATE.txt (text/plain) in CBT.V504.FILE471.PDS, moved to PDS/REQUATE
2023-04-03 00:31:32.947376 - Found STRCCEP.txt (text/plain) in CBT.V504.FILE471.PDS, moved to PDS/STRCCEP
2023-04-03 00:31:32.948383 - Found STRCGBLS.txt (text/plain) in CBT.V504.FILE471.PDS, moved to PDS/STRCGBLS
2023-04-03 00:31:32.949338 - Found STRCPOP.txt (text/plain) in CBT.V504.FILE471.PDS, moved to PDS/STRCPOP
2023-04-03 00:31:32.950310 - Found STRCPUSH.txt (text/plain) in CBT.V504.FILE471.PDS, moved to PDS/STRCPUSH
2023-04-03 00:31:32.951311 - Found STRCSCND.txt (text/plain) in CBT.V504.FILE471.PDS, moved to PDS/STRCSCND
2023-04-03 00:31:32.952262 - Found STRCTDL.txt (text/plain) in CBT.V504.FILE471.PDS, moved to PDS/STRCTDL
2023-04-03 00:31:32.953244 - Found STRCTRAC.txt (text/plain) in CBT.V504.FILE471.PDS, moved to PDS/STRCTRAC
2023-04-03 00:31:32.954334 - Found STRCVERF.txt (text/plain) in CBT.V504.FILE471.PDS, moved to PDS/STRCVERF
2023-04-03 00:31:32.955404 - Found STRCXFND.txt (text/plain) in CBT.V504.FILE471.PDS, moved to PDS/STRCXFND
2023-04-03 00:31:32.956475 - Found STRCXHEX.txt (text/plain) in CBT.V504.FILE471.PDS, moved to PDS/STRCXHEX
2023-04-03 00:31:32.957478 - Found WS.txt (text/plain) in CBT.V504.FILE471.PDS, moved to PDS/WS
